c:\users\l7aur\source\repos\egc_zbuffer\egc_zbuffer\x64\debug\vc143.pdb
c:\users\l7aur\source\repos\egc_zbuffer\egc_zbuffer\x64\debug\vc143.idb
c:\users\l7aur\source\repos\egc_zbuffer\egc_zbuffer\x64\debug\vec4.obj
c:\users\l7aur\source\repos\egc_zbuffer\egc_zbuffer\x64\debug\vec3.obj
c:\users\l7aur\source\repos\egc_zbuffer\egc_zbuffer\x64\debug\vec2.obj
c:\users\l7aur\source\repos\egc_zbuffer\egc_zbuffer\x64\debug\transform.obj
c:\users\l7aur\source\repos\egc_zbuffer\egc_zbuffer\x64\debug\rasterization.obj
c:\users\l7aur\source\repos\egc_zbuffer\egc_zbuffer\x64\debug\projection.obj
c:\users\l7aur\source\repos\egc_zbuffer\egc_zbuffer\x64\debug\mat4.obj
c:\users\l7aur\source\repos\egc_zbuffer\egc_zbuffer\x64\debug\mat3.obj
c:\users\l7aur\source\repos\egc_zbuffer\egc_zbuffer\x64\debug\main.obj
c:\users\l7aur\source\repos\egc_zbuffer\egc_zbuffer\x64\debug\camera.obj
c:\users\l7aur\source\repos\egc_zbuffer\x64\debug\egc_zbuffer.exe
c:\users\l7aur\source\repos\egc_zbuffer\x64\debug\egc_zbuffer.pdb
c:\users\l7aur\source\repos\egc_zbuffer\egc_zbuffer\x64\debug\egc_zbuffer.ilk
c:\users\l7aur\source\repos\egc_zbuffer\egc_zbuffer\x64\debug\egc_zbuffer.tlog\cl.command.1.tlog
c:\users\l7aur\source\repos\egc_zbuffer\egc_zbuffer\x64\debug\egc_zbuffer.tlog\cl.items.tlog
c:\users\l7aur\source\repos\egc_zbuffer\egc_zbuffer\x64\debug\egc_zbuffer.tlog\cl.read.1.tlog
c:\users\l7aur\source\repos\egc_zbuffer\egc_zbuffer\x64\debug\egc_zbuffer.tlog\cl.write.1.tlog
c:\users\l7aur\source\repos\egc_zbuffer\egc_zbuffer\x64\debug\egc_zbuffer.tlog\link.command.1.tlog
c:\users\l7aur\source\repos\egc_zbuffer\egc_zbuffer\x64\debug\egc_zbuffer.tlog\link.read.1.tlog
c:\users\l7aur\source\repos\egc_zbuffer\egc_zbuffer\x64\debug\egc_zbuffer.tlog\link.secondary.1.tlog
c:\users\l7aur\source\repos\egc_zbuffer\egc_zbuffer\x64\debug\egc_zbuffer.tlog\link.write.1.tlog
