c:\users\l7aur\source\repos\egc_lab10\egc_3dview\x64\debug\vc143.pdb
c:\users\l7aur\source\repos\egc_lab10\egc_3dview\x64\debug\vc143.idb
c:\users\l7aur\source\repos\egc_lab10\egc_3dview\x64\debug\vec4.obj
c:\users\l7aur\source\repos\egc_lab10\egc_3dview\x64\debug\vec3.obj
c:\users\l7aur\source\repos\egc_lab10\egc_3dview\x64\debug\transform.obj
c:\users\l7aur\source\repos\egc_lab10\egc_3dview\x64\debug\projection.obj
c:\users\l7aur\source\repos\egc_lab10\egc_3dview\x64\debug\mat4.obj
c:\users\l7aur\source\repos\egc_lab10\egc_3dview\x64\debug\mat3.obj
c:\users\l7aur\source\repos\egc_lab10\egc_3dview\x64\debug\main.obj
c:\users\l7aur\source\repos\egc_lab10\egc_3dview\x64\debug\camera.obj
c:\users\l7aur\source\repos\egc_lab10\x64\debug\egc_3dview.exe
c:\users\l7aur\source\repos\egc_lab10\x64\debug\egc_3dview.pdb
c:\users\l7aur\source\repos\egc_lab10\egc_3dview\x64\debug\egc_3dview.ilk
c:\users\l7aur\source\repos\egc_lab10\egc_3dview\x64\debug\egc_3dview.tlog\cl.command.1.tlog
c:\users\l7aur\source\repos\egc_lab10\egc_3dview\x64\debug\egc_3dview.tlog\cl.items.tlog
c:\users\l7aur\source\repos\egc_lab10\egc_3dview\x64\debug\egc_3dview.tlog\cl.read.1.tlog
c:\users\l7aur\source\repos\egc_lab10\egc_3dview\x64\debug\egc_3dview.tlog\cl.write.1.tlog
c:\users\l7aur\source\repos\egc_lab10\egc_3dview\x64\debug\egc_3dview.tlog\link.command.1.tlog
c:\users\l7aur\source\repos\egc_lab10\egc_3dview\x64\debug\egc_3dview.tlog\link.read.1.tlog
c:\users\l7aur\source\repos\egc_lab10\egc_3dview\x64\debug\egc_3dview.tlog\link.secondary.1.tlog
c:\users\l7aur\source\repos\egc_lab10\egc_3dview\x64\debug\egc_3dview.tlog\link.write.1.tlog
